<?xml version="1.0" encoding="UTF-8"?>
<testsuite xmlns:xsi="http://www.w3.org/2001/XMLSchema-instance" xsi:noNamespaceSchemaLocation="https://maven.apache.org/surefire/maven-surefire-plugin/xsd/surefire-test-report-3.0.xsd" version="3.0" name="cn.iocoder.cloud.yudaocommon.YudaoCommonApplicationTests" time="0.145" tests="1" errors="1" skipped="0" failures="0">
  <properties>
    <property name="sun.desktop" value="windows"/>
    <property name="awt.toolkit" value="sun.awt.windows.WToolkit"/>
    <property name="file.encoding.pkg" value="sun.io"/>
    <property name="java.specification.version" value="1.8"/>
    <property name="sun.cpu.isalist" value="amd64"/>
    <property name="sun.jnu.encoding" value="GBK"/>
    <property name="java.class.path" value="F:\projectlocal\data-structures-algorithms\yudao-framework\yudao-common\target\test-classes;F:\projectlocal\data-structures-algorithms\yudao-framework\yudao-common\target\classes;F:\Software\apache-maven-3.8.6-bin\repository\org\springframework\boot\spring-boot-starter-test\2.7.18\spring-boot-starter-test-2.7.18.jar;F:\Software\apache-maven-3.8.6-bin\repository\org\springframework\boot\spring-boot-starter\2.7.18\spring-boot-starter-2.7.18.jar;F:\Software\apache-maven-3.8.6-bin\repository\org\springframework\boot\spring-boot\2.7.18\spring-boot-2.7.18.jar;F:\Software\apache-maven-3.8.6-bin\repository\org\springframework\spring-context\5.3.39\spring-context-5.3.39.jar;F:\Software\apache-maven-3.8.6-bin\repository\org\springframework\spring-aop\5.3.39\spring-aop-5.3.39.jar;F:\Software\apache-maven-3.8.6-bin\repository\org\springframework\spring-beans\5.3.39\spring-beans-5.3.39.jar;F:\Software\apache-maven-3.8.6-bin\repository\org\springframework\spring-expression\5.3.39\spring-expression-5.3.39.jar;F:\Software\apache-maven-3.8.6-bin\repository\org\springframework\boot\spring-boot-autoconfigure\2.7.18\spring-boot-autoconfigure-2.7.18.jar;F:\Software\apache-maven-3.8.6-bin\repository\org\springframework\boot\spring-boot-starter-logging\2.7.18\spring-boot-starter-logging-2.7.18.jar;F:\Software\apache-maven-3.8.6-bin\repository\ch\qos\logback\logback-classic\1.2.13\logback-classic-1.2.13.jar;F:\Software\apache-maven-3.8.6-bin\repository\ch\qos\logback\logback-core\1.2.13\logback-core-1.2.13.jar;F:\Software\apache-maven-3.8.6-bin\repository\org\apache\logging\log4j\log4j-to-slf4j\2.17.2\log4j-to-slf4j-2.17.2.jar;F:\Software\apache-maven-3.8.6-bin\repository\org\apache\logging\log4j\log4j-api\2.17.2\log4j-api-2.17.2.jar;F:\Software\apache-maven-3.8.6-bin\repository\org\slf4j\jul-to-slf4j\1.7.36\jul-to-slf4j-1.7.36.jar;F:\Software\apache-maven-3.8.6-bin\repository\jakarta\annotation\jakarta.annotation-api\1.3.5\jakarta.annotation-api-1.3.5.jar;F:\Software\apache-maven-3.8.6-bin\repository\org\yaml\snakeyaml\1.30\snakeyaml-1.30.jar;F:\Software\apache-maven-3.8.6-bin\repository\org\springframework\boot\spring-boot-test\2.7.18\spring-boot-test-2.7.18.jar;F:\Software\apache-maven-3.8.6-bin\repository\org\springframework\boot\spring-boot-test-autoconfigure\2.7.18\spring-boot-test-autoconfigure-2.7.18.jar;F:\Software\apache-maven-3.8.6-bin\repository\com\jayway\jsonpath\json-path\2.7.0\json-path-2.7.0.jar;F:\Software\apache-maven-3.8.6-bin\repository\net\minidev\json-smart\2.4.11\json-smart-2.4.11.jar;F:\Software\apache-maven-3.8.6-bin\repository\net\minidev\accessors-smart\2.4.11\accessors-smart-2.4.11.jar;F:\Software\apache-maven-3.8.6-bin\repository\org\slf4j\slf4j-api\1.7.36\slf4j-api-1.7.36.jar;F:\Software\apache-maven-3.8.6-bin\repository\jakarta\xml\bind\jakarta.xml.bind-api\2.3.3\jakarta.xml.bind-api-2.3.3.jar;F:\Software\apache-maven-3.8.6-bin\repository\jakarta\activation\jakarta.activation-api\1.2.2\jakarta.activation-api-1.2.2.jar;F:\Software\apache-maven-3.8.6-bin\repository\org\assertj\assertj-core\3.22.0\assertj-core-3.22.0.jar;F:\Software\apache-maven-3.8.6-bin\repository\org\hamcrest\hamcrest\2.2\hamcrest-2.2.jar;F:\Software\apache-maven-3.8.6-bin\repository\org\junit\jupiter\junit-jupiter\5.8.2\junit-jupiter-5.8.2.jar;F:\Software\apache-maven-3.8.6-bin\repository\org\junit\jupiter\junit-jupiter-api\5.8.2\junit-jupiter-api-5.8.2.jar;F:\Software\apache-maven-3.8.6-bin\repository\org\opentest4j\opentest4j\1.2.0\opentest4j-1.2.0.jar;F:\Software\apache-maven-3.8.6-bin\repository\org\junit\platform\junit-platform-commons\1.8.2\junit-platform-commons-1.8.2.jar;F:\Software\apache-maven-3.8.6-bin\repository\org\apiguardian\apiguardian-api\1.1.2\apiguardian-api-1.1.2.jar;F:\Software\apache-maven-3.8.6-bin\repository\org\junit\jupiter\junit-jupiter-params\5.8.2\junit-jupiter-params-5.8.2.jar;F:\Software\apache-maven-3.8.6-bin\repository\org\junit\jupiter\junit-jupiter-engine\5.8.2\junit-jupiter-engine-5.8.2.jar;F:\Software\apache-maven-3.8.6-bin\repository\org\junit\platform\junit-platform-engine\1.8.2\junit-platform-engine-1.8.2.jar;F:\Software\apache-maven-3.8.6-bin\repository\org\mockito\mockito-junit-jupiter\4.5.1\mockito-junit-jupiter-4.5.1.jar;F:\Software\apache-maven-3.8.6-bin\repository\org\skyscreamer\jsonassert\1.5.1\jsonassert-1.5.1.jar;F:\Software\apache-maven-3.8.6-bin\repository\com\vaadin\external\google\android-json\0.0.20131108.vaadin1\android-json-0.0.20131108.vaadin1.jar;F:\Software\apache-maven-3.8.6-bin\repository\org\springframework\spring-core\5.3.39\spring-core-5.3.39.jar;F:\Software\apache-maven-3.8.6-bin\repository\org\springframework\spring-jcl\5.3.39\spring-jcl-5.3.39.jar;F:\Software\apache-maven-3.8.6-bin\repository\org\springframework\spring-test\5.3.39\spring-test-5.3.39.jar;F:\Software\apache-maven-3.8.6-bin\repository\org\xmlunit\xmlunit-core\2.9.1\xmlunit-core-2.9.1.jar;"/>
    <property name="java.vm.vendor" value="Oracle Corporation"/>
    <property name="sun.arch.data.model" value="64"/>
    <property name="user.variant" value=""/>
    <property name="java.vendor.url" value="http://java.oracle.com/"/>
    <property name="user.timezone" value="Asia/Shanghai"/>
    <property name="java.vm.specification.version" value="1.8"/>
    <property name="os.name" value="Windows 10"/>
    <property name="user.country" value="CN"/>
    <property name="sun.java.launcher" value="SUN_STANDARD"/>
    <property name="sun.boot.library.path" value="F:\Software\Java\jdk1.8.0_331\jre\bin"/>
    <property name="sun.java.command" value="C:\Users\ASUS\AppData\Local\Temp\surefire2687461741002322341\surefirebooter4468571132704050037.jar C:\Users\ASUS\AppData\Local\Temp\surefire2687461741002322341 2024-10-25T11-34-56_634-jvmRun1 surefire5495220064698072160tmp surefire_08583537373102536104tmp"/>
    <property name="surefire.test.class.path" value="F:\projectlocal\data-structures-algorithms\yudao-framework\yudao-common\target\test-classes;F:\projectlocal\data-structures-algorithms\yudao-framework\yudao-common\target\classes;F:\Software\apache-maven-3.8.6-bin\repository\org\springframework\boot\spring-boot-starter-test\2.7.18\spring-boot-starter-test-2.7.18.jar;F:\Software\apache-maven-3.8.6-bin\repository\org\springframework\boot\spring-boot-starter\2.7.18\spring-boot-starter-2.7.18.jar;F:\Software\apache-maven-3.8.6-bin\repository\org\springframework\boot\spring-boot\2.7.18\spring-boot-2.7.18.jar;F:\Software\apache-maven-3.8.6-bin\repository\org\springframework\spring-context\5.3.39\spring-context-5.3.39.jar;F:\Software\apache-maven-3.8.6-bin\repository\org\springframework\spring-aop\5.3.39\spring-aop-5.3.39.jar;F:\Software\apache-maven-3.8.6-bin\repository\org\springframework\spring-beans\5.3.39\spring-beans-5.3.39.jar;F:\Software\apache-maven-3.8.6-bin\repository\org\springframework\spring-expression\5.3.39\spring-expression-5.3.39.jar;F:\Software\apache-maven-3.8.6-bin\repository\org\springframework\boot\spring-boot-autoconfigure\2.7.18\spring-boot-autoconfigure-2.7.18.jar;F:\Software\apache-maven-3.8.6-bin\repository\org\springframework\boot\spring-boot-starter-logging\2.7.18\spring-boot-starter-logging-2.7.18.jar;F:\Software\apache-maven-3.8.6-bin\repository\ch\qos\logback\logback-classic\1.2.13\logback-classic-1.2.13.jar;F:\Software\apache-maven-3.8.6-bin\repository\ch\qos\logback\logback-core\1.2.13\logback-core-1.2.13.jar;F:\Software\apache-maven-3.8.6-bin\repository\org\apache\logging\log4j\log4j-to-slf4j\2.17.2\log4j-to-slf4j-2.17.2.jar;F:\Software\apache-maven-3.8.6-bin\repository\org\apache\logging\log4j\log4j-api\2.17.2\log4j-api-2.17.2.jar;F:\Software\apache-maven-3.8.6-bin\repository\org\slf4j\jul-to-slf4j\1.7.36\jul-to-slf4j-1.7.36.jar;F:\Software\apache-maven-3.8.6-bin\repository\jakarta\annotation\jakarta.annotation-api\1.3.5\jakarta.annotation-api-1.3.5.jar;F:\Software\apache-maven-3.8.6-bin\repository\org\yaml\snakeyaml\1.30\snakeyaml-1.30.jar;F:\Software\apache-maven-3.8.6-bin\repository\org\springframework\boot\spring-boot-test\2.7.18\spring-boot-test-2.7.18.jar;F:\Software\apache-maven-3.8.6-bin\repository\org\springframework\boot\spring-boot-test-autoconfigure\2.7.18\spring-boot-test-autoconfigure-2.7.18.jar;F:\Software\apache-maven-3.8.6-bin\repository\com\jayway\jsonpath\json-path\2.7.0\json-path-2.7.0.jar;F:\Software\apache-maven-3.8.6-bin\repository\net\minidev\json-smart\2.4.11\json-smart-2.4.11.jar;F:\Software\apache-maven-3.8.6-bin\repository\net\minidev\accessors-smart\2.4.11\accessors-smart-2.4.11.jar;F:\Software\apache-maven-3.8.6-bin\repository\org\slf4j\slf4j-api\1.7.36\slf4j-api-1.7.36.jar;F:\Software\apache-maven-3.8.6-bin\repository\jakarta\xml\bind\jakarta.xml.bind-api\2.3.3\jakarta.xml.bind-api-2.3.3.jar;F:\Software\apache-maven-3.8.6-bin\repository\jakarta\activation\jakarta.activation-api\1.2.2\jakarta.activation-api-1.2.2.jar;F:\Software\apache-maven-3.8.6-bin\repository\org\assertj\assertj-core\3.22.0\assertj-core-3.22.0.jar;F:\Software\apache-maven-3.8.6-bin\repository\org\hamcrest\hamcrest\2.2\hamcrest-2.2.jar;F:\Software\apache-maven-3.8.6-bin\repository\org\junit\jupiter\junit-jupiter\5.8.2\junit-jupiter-5.8.2.jar;F:\Software\apache-maven-3.8.6-bin\repository\org\junit\jupiter\junit-jupiter-api\5.8.2\junit-jupiter-api-5.8.2.jar;F:\Software\apache-maven-3.8.6-bin\repository\org\opentest4j\opentest4j\1.2.0\opentest4j-1.2.0.jar;F:\Software\apache-maven-3.8.6-bin\repository\org\junit\platform\junit-platform-commons\1.8.2\junit-platform-commons-1.8.2.jar;F:\Software\apache-maven-3.8.6-bin\repository\org\apiguardian\apiguardian-api\1.1.2\apiguardian-api-1.1.2.jar;F:\Software\apache-maven-3.8.6-bin\repository\org\junit\jupiter\junit-jupiter-params\5.8.2\junit-jupiter-params-5.8.2.jar;F:\Software\apache-maven-3.8.6-bin\repository\org\junit\jupiter\junit-jupiter-engine\5.8.2\junit-jupiter-engine-5.8.2.jar;F:\Software\apache-maven-3.8.6-bin\repository\org\junit\platform\junit-platform-engine\1.8.2\junit-platform-engine-1.8.2.jar;F:\Software\apache-maven-3.8.6-bin\repository\org\mockito\mockito-junit-jupiter\4.5.1\mockito-junit-jupiter-4.5.1.jar;F:\Software\apache-maven-3.8.6-bin\repository\org\skyscreamer\jsonassert\1.5.1\jsonassert-1.5.1.jar;F:\Software\apache-maven-3.8.6-bin\repository\com\vaadin\external\google\android-json\0.0.20131108.vaadin1\android-json-0.0.20131108.vaadin1.jar;F:\Software\apache-maven-3.8.6-bin\repository\org\springframework\spring-core\5.3.39\spring-core-5.3.39.jar;F:\Software\apache-maven-3.8.6-bin\repository\org\springframework\spring-jcl\5.3.39\spring-jcl-5.3.39.jar;F:\Software\apache-maven-3.8.6-bin\repository\org\springframework\spring-test\5.3.39\spring-test-5.3.39.jar;F:\Software\apache-maven-3.8.6-bin\repository\org\xmlunit\xmlunit-core\2.9.1\xmlunit-core-2.9.1.jar;"/>
    <property name="sun.cpu.endian" value="little"/>
    <property name="user.home" value="C:\Users\ASUS"/>
    <property name="user.language" value="zh"/>
    <property name="java.specification.vendor" value="Oracle Corporation"/>
    <property name="java.home" value="F:\Software\Java\jdk1.8.0_331\jre"/>
    <property name="basedir" value="F:\projectlocal\data-structures-algorithms\yudao-framework\yudao-common"/>
    <property name="file.separator" value="\"/>
    <property name="line.separator" value="&#10;"/>
    <property name="java.vm.specification.vendor" value="Oracle Corporation"/>
    <property name="java.specification.name" value="Java Platform API Specification"/>
    <property name="java.awt.graphicsenv" value="sun.awt.Win32GraphicsEnvironment"/>
    <property name="surefire.real.class.path" value="C:\Users\ASUS\AppData\Local\Temp\surefire2687461741002322341\surefirebooter4468571132704050037.jar"/>
    <property name="sun.boot.class.path" value="F:\Software\Java\jdk1.8.0_331\jre\lib\resources.jar;F:\Software\Java\jdk1.8.0_331\jre\lib\rt.jar;F:\Software\Java\jdk1.8.0_331\jre\lib\sunrsasign.jar;F:\Software\Java\jdk1.8.0_331\jre\lib\jsse.jar;F:\Software\Java\jdk1.8.0_331\jre\lib\jce.jar;F:\Software\Java\jdk1.8.0_331\jre\lib\charsets.jar;F:\Software\Java\jdk1.8.0_331\jre\lib\jfr.jar;F:\Software\Java\jdk1.8.0_331\jre\classes"/>
    <property name="user.script" value=""/>
    <property name="sun.management.compiler" value="HotSpot 64-Bit Tiered Compilers"/>
    <property name="java.runtime.version" value="1.8.0_331-b09"/>
    <property name="user.name" value="ASUS"/>
    <property name="path.separator" value=";"/>
    <property name="os.version" value="10.0"/>
    <property name="java.endorsed.dirs" value="F:\Software\Java\jdk1.8.0_331\jre\lib\endorsed"/>
    <property name="java.runtime.name" value="Java(TM) SE Runtime Environment"/>
    <property name="file.encoding" value="GBK"/>
    <property name="java.vm.name" value="Java HotSpot(TM) 64-Bit Server VM"/>
    <property name="localRepository" value="F:\Software\apache-maven-3.8.6-bin\repository"/>
    <property name="java.vendor.url.bug" value="http://bugreport.sun.com/bugreport/"/>
    <property name="java.io.tmpdir" value="C:\Users\ASUS\AppData\Local\Temp\"/>
    <property name="idea.version" value="2022.2.1"/>
    <property name="java.version" value="1.8.0_331"/>
    <property name="user.dir" value="F:\projectlocal\data-structures-algorithms\yudao-framework\yudao-common"/>
    <property name="os.arch" value="amd64"/>
    <property name="java.vm.specification.name" value="Java Virtual Machine Specification"/>
    <property name="java.awt.printerjob" value="sun.awt.windows.WPrinterJob"/>
    <property name="sun.os.patch.level" value=""/>
    <property name="java.library.path" value="F:\Software\Java\jdk1.8.0_331\jre\bin;C:\windows\Sun\Java\bin;C:\windows\system32;C:\windows;C:\Program Files\VanDyke Software\Clients\;C:\windows\system32;C:\windows;C:\windows\System32\Wbem;C:\windows\System32\WindowsPowerShell\v1.0\;C:\windows\System32\OpenSSH\;C:\Program Files (x86)\AOMEI Backupper;C:\Program Files\Condusiv Technologies\ExpressCache\;F:\Software\git\Git\cmd;F:\Software\TortoiseGit\bin;F:\Software\apache-maven-3.8.6-bin\apache-maven-3.8.6\bin;F:\Software\Java\jdk1.8.0_331\bin;C:\Program Files\nodejs\;C:\Program Files\nodejs\node_global;F:\Software\Xshell\xshell7\;F:\Software\Xshell\xftp7\;C:\Users\ASUS\AppData\Local\Microsoft\WindowsApps;%IntelliJ IDEA%;F:\Software\apache-maven-3.8.6-bin\apache-maven-3.8.6\bin;C:\Users\ASUS\AppData\Roaming\npm;."/>
    <property name="java.vm.info" value="mixed mode"/>
    <property name="java.vendor" value="Oracle Corporation"/>
    <property name="java.vm.version" value="25.331-b09"/>
    <property name="java.ext.dirs" value="F:\Software\Java\jdk1.8.0_331\jre\lib\ext;C:\windows\Sun\Java\lib\ext"/>
    <property name="sun.io.unicode.encoding" value="UnicodeLittle"/>
    <property name="maven.repo.local" value="F:\Software\apache-maven-3.8.6-bin\repository"/>
    <property name="java.class.version" value="52.0"/>
  </properties>
  <testcase name="" classname="cn.iocoder.cloud.yudaocommon.YudaoCommonApplicationTests" time="0.145">
    <error type="java.lang.IllegalStateException"><![CDATA[java.lang.IllegalStateException: Unable to find a @SpringBootConfiguration, you need to use @ContextConfiguration or @SpringBootTest(classes=...) with your test
]]></error>
    <system-out><![CDATA[11:35:29.630 [main] DEBUG org.springframework.test.context.BootstrapUtils - Instantiating CacheAwareContextLoaderDelegate from class [org.springframework.test.context.cache.DefaultCacheAwareContextLoaderDelegate]
11:35:29.636 [main] DEBUG org.springframework.test.context.BootstrapUtils - Instantiating BootstrapContext using constructor [public org.springframework.test.context.support.DefaultBootstrapContext(java.lang.Class,org.springframework.test.context.CacheAwareContextLoaderDelegate)]
11:35:29.656 [main] DEBUG org.springframework.test.context.BootstrapUtils - Instantiating TestContextBootstrapper for test class [cn.iocoder.cloud.yudaocommon.YudaoCommonApplicationTests] from class [org.springframework.boot.test.context.SpringBootTestContextBootstrapper]
11:35:29.663 [main] INFO org.springframework.boot.test.context.SpringBootTestContextBootstrapper - Neither @ContextConfiguration nor @ContextHierarchy found for test class [cn.iocoder.cloud.yudaocommon.YudaoCommonApplicationTests], using SpringBootContextLoader
11:35:29.666 [main] DEBUG org.springframework.test.context.support.AbstractContextLoader - Did not detect default resource location for test class [cn.iocoder.cloud.yudaocommon.YudaoCommonApplicationTests]: class path resource [cn/iocoder/cloud/yudaocommon/YudaoCommonApplicationTests-context.xml] does not exist
11:35:29.666 [main] DEBUG org.springframework.test.context.support.AbstractContextLoader - Did not detect default resource location for test class [cn.iocoder.cloud.yudaocommon.YudaoCommonApplicationTests]: class path resource [cn/iocoder/cloud/yudaocommon/YudaoCommonApplicationTestsContext.groovy] does not exist
11:35:29.666 [main] INFO org.springframework.test.context.support.AbstractContextLoader - Could not detect default resource locations for test class [cn.iocoder.cloud.yudaocommon.YudaoCommonApplicationTests]: no resource found for suffixes {-context.xml, Context.groovy}.
11:35:29.666 [main] INFO org.springframework.test.context.support.AnnotationConfigContextLoaderUtils - Could not detect default configuration classes for test class [cn.iocoder.cloud.yudaocommon.YudaoCommonApplicationTests]: YudaoCommonApplicationTests does not declare any static, non-private, non-final, nested classes annotated with @Configuration.
11:35:29.694 [main] DEBUG org.springframework.test.context.support.ActiveProfilesUtils - Could not find an 'annotation declaring class' for annotation type [org.springframework.test.context.ActiveProfiles] and class [cn.iocoder.cloud.yudaocommon.YudaoCommonApplicationTests]
]]></system-out>
  </testcase>
</testsuite>